<?xml version="1.0" ?>
<coverage version="7.4.3" timestamp="1709507780587" lines-valid="30" lines-covered="30" line-rate="1" branches-covered="0" branches-valid="0" branch-rate="0" complexity="0">
	<!-- Generated by coverage.py: https://coverage.readthedocs.io/en/7.4.3 -->
	<!-- Based on https://raw.githubusercontent.com/cobertura/web/master/htdocs/xml/coverage-04.dtd -->
	<sources>
		<source>/home/estowe/stevens/hw01_testing_triangle_classification</source>
	</sources>
	<packages>
		<package name="." line-rate="1" branch-rate="0" complexity="0">
			<classes>
				<class name="classify_triangle.py" filename="classify_triangle.py" complexity="0" line-rate="1" branch-rate="0">
					<methods/>
					<lines>
						<line number="2" hits="1"/>
						<line number="10" hits="1"/>
						<line number="13" hits="1"/>
						<line number="15" hits="1"/>
						<line number="16" hits="1"/>
						<line number="17" hits="1"/>
						<line number="18" hits="1"/>
						<line number="19" hits="1"/>
						<line number="21" hits="1"/>
						<line number="23" hits="1"/>
						<line number="24" hits="1"/>
						<line number="25" hits="1"/>
						<line number="26" hits="1"/>
						<line number="27" hits="1"/>
						<line number="30" hits="1"/>
						<line number="32" hits="1"/>
						<line number="34" hits="1"/>
						<line number="35" hits="1"/>
						<line number="36" hits="1"/>
						<line number="37" hits="1"/>
						<line number="38" hits="1"/>
						<line number="39" hits="1"/>
						<line number="42" hits="1"/>
						<line number="46" hits="1"/>
						<line number="48" hits="1"/>
						<line number="49" hits="1"/>
						<line number="51" hits="1"/>
						<line number="53" hits="1"/>
						<line number="55" hits="1"/>
						<line number="57" hits="1"/>
					</lines>
				</class>
			</classes>
		</package>
	</packages>
</coverage>
